# JRE version: OpenJDK Runtime Environment (8.0_102-b14) (build 1.8.0_102-b14)
# Java VM: OpenJDK 64-Bit Server VM (25.102-b14 mixed mode linux-amd64 compressed oops)
Heap:
 PSYoungGen      total 414720K, used 4288K [0x00000000d6d80000, 0x00000000f0d80000, 0x0000000100000000)
  eden space 403456K, 0% used [0x00000000d6d80000,0x00000000d6d80000,0x00000000ef780000)
  from space 11264K, 38% used [0x00000000ef780000,0x00000000efbb0040,0x00000000f0280000)
  to   space 11264K, 0% used [0x00000000f0280000,0x00000000f0280000,0x00000000f0d80000)
 ParOldGen       total 84992K, used 12117K [0x0000000084800000, 0x0000000089b00000, 0x00000000d6d80000)
  object space 84992K, 14% used [0x0000000084800000,0x00000000853d5770,0x0000000089b00000)
 Metaspace       used 15775K, capacity 15996K, committed 16256K, reserved 1062912K
  class space    used 2058K, capacity 2124K, committed 2176K, reserved 1048576K
GC Heap History (10 events):
Event: 16,529 GC heap after
Heap after GC invocations=6 (full 0):
 PSYoungGen      total 136704K, used 9008K [0x00000000d6d80000, 0x00000000e0080000, 0x0000000100000000)
  eden space 125952K, 0% used [0x00000000d6d80000,0x00000000d6d80000,0x00000000de880000)
  from space 10752K, 83% used [0x00000000df400000,0x00000000dfccc020,0x00000000dfe80000)
  to   space 11776K, 0% used [0x00000000de880000,0x00000000de880000,0x00000000df400000)
 ParOldGen       total 84992K, used 7927K [0x0000000084800000, 0x0000000089b00000, 0x00000000d6d80000)
  object space 84992K, 9% used [0x0000000084800000,0x0000000084fbdee0,0x0000000089b00000)
 Metaspace       used 15451K, capacity 15676K, committed 16000K, reserved 1062912K
  class space    used 2040K, capacity 2124K, committed 2176K, reserved 1048576K
}
Event: 16,569 GC heap before
{Heap before GC invocations=7 (full 0):
 PSYoungGen      total 136704K, used 134960K [0x00000000d6d80000, 0x00000000e0080000, 0x0000000100000000)
  eden space 125952K, 100% used [0x00000000d6d80000,0x00000000de880000,0x00000000de880000)
  from space 10752K, 83% used [0x00000000df400000,0x00000000dfccc020,0x00000000dfe80000)
  to   space 11776K, 0% used [0x00000000de880000,0x00000000de880000,0x00000000df400000)
 ParOldGen       total 84992K, used 7927K [0x0000000084800000, 0x0000000089b00000, 0x00000000d6d80000)
  object space 84992K, 9% used [0x0000000084800000,0x0000000084fbdee0,0x0000000089b00000)
 Metaspace       used 15451K, capacity 15676K, committed 16000K, reserved 1062912K
  class space    used 2040K, capacity 2124K, committed 2176K, reserved 1048576K
Event: 16,575 GC heap after
Heap after GC invocations=7 (full 0):
 PSYoungGen      total 137728K, used 8096K [0x00000000d6d80000, 0x00000000e7a80000, 0x0000000100000000)
  eden space 125952K, 0% used [0x00000000d6d80000,0x00000000d6d80000,0x00000000de880000)
  from space 11776K, 68% used [0x00000000de880000,0x00000000df068000,0x00000000df400000)
  to   space 11776K, 0% used [0x00000000e6f00000,0x00000000e6f00000,0x00000000e7a80000)
 ParOldGen       total 84992K, used 9901K [0x0000000084800000, 0x0000000089b00000, 0x00000000d6d80000)
  object space 84992K, 11% used [0x0000000084800000,0x00000000851ab790,0x0000000089b00000)
 Metaspace       used 15451K, capacity 15676K, committed 16000K, reserved 1062912K
  class space    used 2040K, capacity 2124K, committed 2176K, reserved 1048576K
}
Event: 33,961 GC heap before
{Heap before GC invocations=8 (full 0):
 PSYoungGen      total 137728K, used 134048K [0x00000000d6d80000, 0x00000000e7a80000, 0x0000000100000000)
  eden space 125952K, 100% used [0x00000000d6d80000,0x00000000de880000,0x00000000de880000)
  from space 11776K, 68% used [0x00000000de880000,0x00000000df068000,0x00000000df400000)
  to   space 11776K, 0% used [0x00000000e6f00000,0x00000000e6f00000,0x00000000e7a80000)
 ParOldGen       total 84992K, used 9901K [0x0000000084800000, 0x0000000089b00000, 0x00000000d6d80000)
  object space 84992K, 11% used [0x0000000084800000,0x00000000851ab790,0x0000000089b00000)
 Metaspace       used 15621K, capacity 15868K, committed 16000K, reserved 1062912K
  class space    used 2058K, capacity 2124K, committed 2176K, reserved 1048576K
Event: 33,965 GC heap after
Heap after GC invocations=8 (full 0):
 PSYoungGen      total 262656K, used 7712K [0x00000000d6d80000, 0x00000000e7980000, 0x0000000100000000)
  eden space 251904K, 0% used [0x00000000d6d80000,0x00000000d6d80000,0x00000000e6380000)
  from space 10752K, 71% used [0x00000000e6f00000,0x00000000e7688050,0x00000000e7980000)
  to   space 11264K, 0% used [0x00000000e6380000,0x00000000e6380000,0x00000000e6e80000)
 ParOldGen       total 84992K, used 9909K [0x0000000084800000, 0x0000000089b00000, 0x00000000d6d80000)
  object space 84992K, 11% used [0x0000000084800000,0x00000000851ad790,0x0000000089b00000)
 Metaspace       used 15621K, capacity 15868K, committed 16000K, reserved 1062912K
  class space    used 2058K, capacity 2124K, committed 2176K, reserved 1048576K
}
Event: 35,407 GC heap before
{Heap before GC invocations=9 (full 0):
 PSYoungGen      total 262656K, used 259616K [0x00000000d6d80000, 0x00000000e7980000, 0x0000000100000000)
  eden space 251904K, 100% used [0x00000000d6d80000,0x00000000e6380000,0x00000000e6380000)
  from space 10752K, 71% used [0x00000000e6f00000,0x00000000e7688050,0x00000000e7980000)
  to   space 11264K, 0% used [0x00000000e6380000,0x00000000e6380000,0x00000000e6e80000)
 ParOldGen       total 84992K, used 9909K [0x0000000084800000, 0x0000000089b00000, 0x00000000d6d80000)
  object space 84992K, 11% used [0x0000000084800000,0x00000000851ad790,0x0000000089b00000)
 Metaspace       used 15696K, capacity 15932K, committed 16256K, reserved 1062912K
  class space    used 2058K, capacity 2124K, committed 2176K, reserved 1048576K
Event: 35,410 GC heap after
Heap after GC invocations=9 (full 0):
 PSYoungGen      total 263168K, used 7680K [0x00000000d6d80000, 0x00000000f0d80000, 0x0000000100000000)
  eden space 251904K, 0% used [0x00000000d6d80000,0x00000000d6d80000,0x00000000e6380000)
  from space 11264K, 68% used [0x00000000e6380000,0x00000000e6b00050,0x00000000e6e80000)
  to   space 11264K, 0% used [0x00000000f0280000,0x00000000f0280000,0x00000000f0d80000)
 ParOldGen       total 84992K, used 9917K [0x0000000084800000, 0x0000000089b00000, 0x00000000d6d80000)
  object space 84992K, 11% used [0x0000000084800000,0x00000000851af790,0x0000000089b00000)
 Metaspace       used 15696K, capacity 15932K, committed 16256K, reserved 1062912K
  class space    used 2058K, capacity 2124K, committed 2176K, reserved 1048576K
}
Event: 36,959 GC heap before
{Heap before GC invocations=10 (full 0):
 PSYoungGen      total 263168K, used 259584K [0x00000000d6d80000, 0x00000000f0d80000, 0x0000000100000000)
  eden space 251904K, 100% used [0x00000000d6d80000,0x00000000e6380000,0x00000000e6380000)
  from space 11264K, 68% used [0x00000000e6380000,0x00000000e6b00050,0x00000000e6e80000)
  to   space 11264K, 0% used [0x00000000f0280000,0x00000000f0280000,0x00000000f0d80000)
 ParOldGen       total 84992K, used 9917K [0x0000000084800000, 0x0000000089b00000, 0x00000000d6d80000)
  object space 84992K, 11% used [0x0000000084800000,0x00000000851af790,0x0000000089b00000)
 Metaspace       used 15728K, capacity 15932K, committed 16256K, reserved 1062912K
  class space    used 2058K, capacity 2124K, committed 2176K, reserved 1048576K
Event: 36,962 GC heap after
Heap after GC invocations=10 (full 0):
 PSYoungGen      total 414720K, used 4288K [0x00000000d6d80000, 0x00000000f0d80000, 0x0000000100000000)
  eden space 403456K, 0% used [0x00000000d6d80000,0x00000000d6d80000,0x00000000ef780000)
  from space 11264K, 38% used [0x00000000f0280000,0x00000000f06b0040,0x00000000f0d80000)
  to   space 11264K, 0% used [0x00000000ef780000,0x00000000ef780000,0x00000000f0280000)
 ParOldGen       total 84992K, used 12093K [0x0000000084800000, 0x0000000089b00000, 0x00000000d6d80000)
  object space 84992K, 14% used [0x0000000084800000,0x00000000853cf770,0x0000000089b00000)
 Metaspace       used 15728K, capacity 15932K, committed 16256K, reserved 1062912K
  class space    used 2058K, capacity 2124K, committed 2176K, reserved 1048576K
}
Event: 41,666 GC heap before
{Heap before GC invocations=11 (full 0):
 PSYoungGen      total 414720K, used 407744K [0x00000000d6d80000, 0x00000000f0d80000, 0x0000000100000000)
  eden space 403456K, 100% used [0x00000000d6d80000,0x00000000ef780000,0x00000000ef780000)
  from space 11264K, 38% used [0x00000000f0280000,0x00000000f06b0040,0x00000000f0d80000)
  to   space 11264K, 0% used [0x00000000ef780000,0x00000000ef780000,0x00000000f0280000)
 ParOldGen       total 84992K, used 12093K [0x0000000084800000, 0x0000000089b00000, 0x00000000d6d80000)
  object space 84992K, 14% used [0x0000000084800000,0x00000000853cf770,0x0000000089b00000)
 Metaspace       used 15775K, capacity 15996K, committed 16256K, reserved 1062912K
  class space    used 2058K, capacity 2124K, committed 2176K, reserved 1048576K

