# JRE version: OpenJDK Runtime Environment (8.0_102-b14) (build 1.8.0_102-b14)
# Java VM: OpenJDK 64-Bit Server VM (25.102-b14 mixed mode linux-amd64 compressed oops)
Heap:
 PSYoungGen      total 413696K, used 1472K [0x00000000d6d80000, 0x00000000f0880000, 0x0000000100000000)
  eden space 406528K, 0% used [0x00000000d6d80000,0x00000000d6d80000,0x00000000efa80000)
  from space 7168K, 20% used [0x00000000efa80000,0x00000000efbf0050,0x00000000f0180000)
  to   space 7168K, 0% used [0x00000000f0180000,0x00000000f0180000,0x00000000f0880000)
 ParOldGen       total 84992K, used 7886K [0x0000000084800000, 0x0000000089b00000, 0x00000000d6d80000)
  object space 84992K, 9% used [0x0000000084800000,0x0000000084fb3920,0x0000000089b00000)
 Metaspace       used 17634K, capacity 17872K, committed 18176K, reserved 1064960K
  class space    used 2197K, capacity 2296K, committed 2304K, reserved 1048576K
GC Heap History (10 events):
Event: 38,416 GC heap after
Heap after GC invocations=6 (full 0):
 PSYoungGen      total 134656K, used 4160K [0x00000000d6d80000, 0x00000000df880000, 0x0000000100000000)
  eden space 126976K, 0% used [0x00000000d6d80000,0x00000000d6d80000,0x00000000de980000)
  from space 7680K, 54% used [0x00000000df100000,0x00000000df510060,0x00000000df880000)
  to   space 7680K, 0% used [0x00000000de980000,0x00000000de980000,0x00000000df100000)
 ParOldGen       total 84992K, used 2112K [0x0000000084800000, 0x0000000089b00000, 0x00000000d6d80000)
  object space 84992K, 2% used [0x0000000084800000,0x0000000084a10080,0x0000000089b00000)
 Metaspace       used 16732K, capacity 17022K, committed 17408K, reserved 1064960K
  class space    used 2152K, capacity 2229K, committed 2304K, reserved 1048576K
}
Event: 53,289 GC heap before
{Heap before GC invocations=7 (full 0):
 PSYoungGen      total 134656K, used 131136K [0x00000000d6d80000, 0x00000000df880000, 0x0000000100000000)
  eden space 126976K, 100% used [0x00000000d6d80000,0x00000000de980000,0x00000000de980000)
  from space 7680K, 54% used [0x00000000df100000,0x00000000df510060,0x00000000df880000)
  to   space 7680K, 0% used [0x00000000de980000,0x00000000de980000,0x00000000df100000)
 ParOldGen       total 84992K, used 2112K [0x0000000084800000, 0x0000000089b00000, 0x00000000d6d80000)
  object space 84992K, 2% used [0x0000000084800000,0x0000000084a10080,0x0000000089b00000)
 Metaspace       used 16792K, capacity 17086K, committed 17408K, reserved 1064960K
  class space    used 2152K, capacity 2229K, committed 2304K, reserved 1048576K
Event: 53,299 GC heap after
Heap after GC invocations=7 (full 0):
 PSYoungGen      total 134656K, used 1568K [0x00000000d6d80000, 0x00000000e7480000, 0x0000000100000000)
  eden space 126976K, 0% used [0x00000000d6d80000,0x00000000d6d80000,0x00000000de980000)
  from space 7680K, 20% used [0x00000000de980000,0x00000000deb08030,0x00000000df100000)
  to   space 7680K, 0% used [0x00000000e6d00000,0x00000000e6d00000,0x00000000e7480000)
 ParOldGen       total 84992K, used 4514K [0x0000000084800000, 0x0000000089b00000, 0x00000000d6d80000)
  object space 84992K, 5% used [0x0000000084800000,0x0000000084c68900,0x0000000089b00000)
 Metaspace       used 16792K, capacity 17086K, committed 17408K, reserved 1064960K
  class space    used 2152K, capacity 2229K, committed 2304K, reserved 1048576K
}
Event: 205,924 GC heap before
{Heap before GC invocations=8 (full 0):
 PSYoungGen      total 134656K, used 128544K [0x00000000d6d80000, 0x00000000e7480000, 0x0000000100000000)
  eden space 126976K, 100% used [0x00000000d6d80000,0x00000000de980000,0x00000000de980000)
  from space 7680K, 20% used [0x00000000de980000,0x00000000deb08030,0x00000000df100000)
  to   space 7680K, 0% used [0x00000000e6d00000,0x00000000e6d00000,0x00000000e7480000)
 ParOldGen       total 84992K, used 4514K [0x0000000084800000, 0x0000000089b00000, 0x00000000d6d80000)
  object space 84992K, 5% used [0x0000000084800000,0x0000000084c68900,0x0000000089b00000)
 Metaspace       used 17496K, capacity 17738K, committed 17920K, reserved 1064960K
  class space    used 2195K, capacity 2295K, committed 2304K, reserved 1048576K
Event: 205,933 GC heap after
Heap after GC invocations=8 (full 0):
 PSYoungGen      total 261632K, used 2587K [0x00000000d6d80000, 0x00000000e7480000, 0x0000000100000000)
  eden space 253952K, 0% used [0x00000000d6d80000,0x00000000d6d80000,0x00000000e6580000)
  from space 7680K, 33% used [0x00000000e6d00000,0x00000000e6f86fb8,0x00000000e7480000)
  to   space 7680K, 0% used [0x00000000e6580000,0x00000000e6580000,0x00000000e6d00000)
 ParOldGen       total 84992K, used 4522K [0x0000000084800000, 0x0000000089b00000, 0x00000000d6d80000)
  object space 84992K, 5% used [0x0000000084800000,0x0000000084c6a900,0x0000000089b00000)
 Metaspace       used 17496K, capacity 17738K, committed 17920K, reserved 1064960K
  class space    used 2195K, capacity 2295K, committed 2304K, reserved 1048576K
}
Event: 472,758 GC heap before
{Heap before GC invocations=9 (full 0):
 PSYoungGen      total 261632K, used 256539K [0x00000000d6d80000, 0x00000000e7480000, 0x0000000100000000)
  eden space 253952K, 100% used [0x00000000d6d80000,0x00000000e6580000,0x00000000e6580000)
  from space 7680K, 33% used [0x00000000e6d00000,0x00000000e6f86fb8,0x00000000e7480000)
  to   space 7680K, 0% used [0x00000000e6580000,0x00000000e6580000,0x00000000e6d00000)
 ParOldGen       total 84992K, used 4522K [0x0000000084800000, 0x0000000089b00000, 0x00000000d6d80000)
  object space 84992K, 5% used [0x0000000084800000,0x0000000084c6a900,0x0000000089b00000)
 Metaspace       used 17582K, capacity 17808K, committed 17920K, reserved 1064960K
  class space    used 2197K, capacity 2296K, committed 2304K, reserved 1048576K
Event: 472,761 GC heap after
Heap after GC invocations=9 (full 0):
 PSYoungGen      total 261632K, used 3936K [0x00000000d6d80000, 0x00000000f0880000, 0x0000000100000000)
  eden space 253952K, 0% used [0x00000000d6d80000,0x00000000d6d80000,0x00000000e6580000)
  from space 7680K, 51% used [0x00000000e6580000,0x00000000e6958030,0x00000000e6d00000)
  to   space 7168K, 0% used [0x00000000f0180000,0x00000000f0180000,0x00000000f0880000)
 ParOldGen       total 84992K, used 5338K [0x0000000084800000, 0x0000000089b00000, 0x00000000d6d80000)
  object space 84992K, 6% used [0x0000000084800000,0x0000000084d36900,0x0000000089b00000)
 Metaspace       used 17582K, capacity 17808K, committed 17920K, reserved 1064960K
  class space    used 2197K, capacity 2296K, committed 2304K, reserved 1048576K
}
Event: 478,173 GC heap before
{Heap before GC invocations=10 (full 0):
 PSYoungGen      total 261632K, used 257888K [0x00000000d6d80000, 0x00000000f0880000, 0x0000000100000000)
  eden space 253952K, 100% used [0x00000000d6d80000,0x00000000e6580000,0x00000000e6580000)
  from space 7680K, 51% used [0x00000000e6580000,0x00000000e6958030,0x00000000e6d00000)
  to   space 7168K, 0% used [0x00000000f0180000,0x00000000f0180000,0x00000000f0880000)
 ParOldGen       total 84992K, used 5338K [0x0000000084800000, 0x0000000089b00000, 0x00000000d6d80000)
  object space 84992K, 6% used [0x0000000084800000,0x0000000084d36900,0x0000000089b00000)
 Metaspace       used 17616K, capacity 17872K, committed 18176K, reserved 1064960K
  class space    used 2197K, capacity 2296K, committed 2304K, reserved 1048576K
Event: 478,175 GC heap after
Heap after GC invocations=10 (full 0):
 PSYoungGen      total 413696K, used 3200K [0x00000000d6d80000, 0x00000000f0880000, 0x0000000100000000)
  eden space 406528K, 0% used [0x00000000d6d80000,0x00000000d6d80000,0x00000000efa80000)
  from space 7168K, 44% used [0x00000000f0180000,0x00000000f04a0050,0x00000000f0880000)
  to   space 7168K, 0% used [0x00000000efa80000,0x00000000efa80000,0x00000000f0180000)
 ParOldGen       total 84992K, used 5702K [0x0000000084800000, 0x0000000089b00000, 0x00000000d6d80000)
  object space 84992K, 6% used [0x0000000084800000,0x0000000084d91920,0x0000000089b00000)
 Metaspace       used 17616K, capacity 17872K, committed 18176K, reserved 1064960K
  class space    used 2197K, capacity 2296K, committed 2304K, reserved 1048576K
}
Event: 488,751 GC heap before
{Heap before GC invocations=11 (full 0):
 PSYoungGen      total 413696K, used 409728K [0x00000000d6d80000, 0x00000000f0880000, 0x0000000100000000)
  eden space 406528K, 100% used [0x00000000d6d80000,0x00000000efa80000,0x00000000efa80000)
  from space 7168K, 44% used [0x00000000f0180000,0x00000000f04a0050,0x00000000f0880000)
  to   space 7168K, 0% used [0x00000000efa80000,0x00000000efa80000,0x00000000f0180000)
 ParOldGen       total 84992K, used 5702K [0x0000000084800000, 0x0000000089b00000, 0x00000000d6d80000)
  object space 84992K, 6% used [0x0000000084800000,0x0000000084d91920,0x0000000089b00000)
 Metaspace       used 17634K, capacity 17872K, committed 18176K, reserved 1064960K
  class space    used 2197K, capacity 2296K, committed 2304K, reserved 1048576K

